{
  "stats": {
    "suites": 1,
    "tests": 5,
    "passes": 4,
    "pending": 0,
    "failures": 1,
    "start": "2018-08-19T15:47:47.719Z",
    "end": "2018-08-19T15:47:57.074Z",
    "duration": 9355,
    "testsRegistered": 5,
    "passPercent": 80,
    "pendingPercent": 0,
    "other": 0,
    "hasOther": false,
    "skipped": 0,
    "hasSkipped": false,
    "passPercentClass": "success",
    "pendingPercentClass": "danger"
  },
  "suites": {
    "uuid": "a67e908f-56c8-41cb-ba8b-f6635b5ae1f1",
    "title": "",
    "fullFile": "",
    "file": "",
    "beforeHooks": [],
    "afterHooks": [],
    "tests": [],
    "suites": [
      {
        "uuid": "34f705be-011a-4720-9ac1-9cb93ada34d8",
        "title": "Manage Budget in the Budget management app",
        "fullFile": "",
        "file": "",
        "beforeHooks": [],
        "afterHooks": [],
        "tests": [
          {
            "title": "Opening budget management app page",
            "fullTitle": "Manage Budget in the Budget management app Opening budget management app page",
            "duration": 1283,
            "state": "passed",
            "speed": "slow",
            "pass": true,
            "fail": false,
            "pending": false,
            "code": "if (backgroundSection) {\n  backgroundSection.steps.forEach(stepTest);\n}\nscenario.steps.forEach(step => stepTest(step));",
            "err": {},
            "isRoot": false,
            "uuid": "b4778da5-436c-45b9-a62e-8b9cf6e948e8",
            "isHook": false,
            "skipped": false
          },
          {
            "title": "Add Income in the budget",
            "fullTitle": "Manage Budget in the Budget management app Add Income in the budget",
            "duration": 1188,
            "state": "passed",
            "speed": "slow",
            "pass": true,
            "fail": false,
            "pending": false,
            "code": "if (backgroundSection) {\n  backgroundSection.steps.forEach(stepTest);\n}\nscenario.steps.forEach(step => stepTest(step));",
            "err": {},
            "isRoot": false,
            "uuid": "1a700ad0-f69a-4205-b978-50afa2b29ce7",
            "isHook": false,
            "skipped": false
          },
          {
            "title": "Add Expense in the budget",
            "fullTitle": "Manage Budget in the Budget management app Add Expense in the budget",
            "duration": 1124,
            "state": "passed",
            "speed": "slow",
            "pass": true,
            "fail": false,
            "pending": false,
            "code": "if (backgroundSection) {\n  backgroundSection.steps.forEach(stepTest);\n}\nscenario.steps.forEach(step => stepTest(step));",
            "err": {},
            "isRoot": false,
            "uuid": "da805df5-0449-4b02-a79b-1624ca80df68",
            "isHook": false,
            "skipped": false
          },
          {
            "title": "Verify expenses in the Reports view of budget management",
            "fullTitle": "Manage Budget in the Budget management app Verify expenses in the Reports view of budget management",
            "duration": 214,
            "state": "passed",
            "speed": "slow",
            "pass": true,
            "fail": false,
            "pending": false,
            "code": "if (backgroundSection) {\n  backgroundSection.steps.forEach(stepTest);\n}\nscenario.steps.forEach(step => stepTest(step));",
            "err": {},
            "isRoot": false,
            "uuid": "37775129-173d-4721-85b3-2ead2c319b4b",
            "isHook": false,
            "skipped": false
          },
          {
            "title": "Verify the Working Balance in the Budget view of budget management (This test case fails since the 'Working Balance' doesn't display value in red and negative when TotalOutflow is greater than TotalInflow)",
            "fullTitle": "Manage Budget in the Budget management app Verify the Working Balance in the Budget view of budget management (This test case fails since the 'Working Balance' doesn't display value in red and negative when TotalOutflow is greater than TotalInflow)",
            "duration": 4249,
            "state": "failed",
            "pass": false,
            "fail": true,
            "pending": false,
            "code": "if (backgroundSection) {\n  backgroundSection.steps.forEach(stepTest);\n}\nscenario.steps.forEach(step => stepTest(step));",
            "err": {
              "message": "Error: ENAMETOOLONG: name too long, open '/Users/madhan/TreeView/ModusCreate/modusCreate-budgeting-cypress-test-suite/cypress/screenshots/testsuite.spec.js/Manage Budget in the Budget management app -- Verify the Working Balance in the Budget view of budget management (This test case fails since the Working Balance doesnt display value in red and negative when TotalOutflow is greater than TotalInflow) (failed).png'",
              "estack": "Error: ENAMETOOLONG: name too long, open '/Users/madhan/TreeView/ModusCreate/modusCreate-budgeting-cypress-test-suite/cypress/screenshots/testsuite.spec.js/Manage Budget in the Budget management app -- Verify the Working Balance in the Budget view of budget management (This test case fails since the Working Balance doesnt display value in red and negative when TotalOutflow is greater than TotalInflow) (failed).png'\n\n"
            },
            "isRoot": false,
            "uuid": "ecef654e-d2af-4dff-8782-a21c13a50d62",
            "isHook": false,
            "skipped": false
          }
        ],
        "suites": [],
        "passes": [
          "b4778da5-436c-45b9-a62e-8b9cf6e948e8",
          "1a700ad0-f69a-4205-b978-50afa2b29ce7",
          "da805df5-0449-4b02-a79b-1624ca80df68",
          "37775129-173d-4721-85b3-2ead2c319b4b"
        ],
        "failures": [
          "ecef654e-d2af-4dff-8782-a21c13a50d62"
        ],
        "pending": [],
        "skipped": [],
        "duration": 8058,
        "root": false,
        "rootEmpty": false,
        "_timeout": 2000
      }
    ],
    "passes": [],
    "failures": [],
    "pending": [],
    "skipped": [],
    "duration": 0,
    "root": true,
    "rootEmpty": true,
    "_timeout": 2000
  },
  "copyrightYear": 2018
}