{
  "stats": {
    "suites": 1,
    "tests": 5,
    "passes": 4,
    "pending": 0,
    "failures": 1,
    "start": "2018-08-19T14:44:58.151Z",
    "end": "2018-08-19T14:45:07.881Z",
    "duration": 9730,
    "testsRegistered": 5,
    "passPercent": 80,
    "pendingPercent": 0,
    "other": 0,
    "hasOther": false,
    "skipped": 0,
    "hasSkipped": false,
    "passPercentClass": "success",
    "pendingPercentClass": "danger"
  },
  "suites": {
    "uuid": "149d0ec6-0c57-47e7-b521-8b8686b5c8d4",
    "title": "",
    "fullFile": "",
    "file": "",
    "beforeHooks": [],
    "afterHooks": [],
    "tests": [],
    "suites": [
      {
        "uuid": "9a4a9c87-5acd-4aeb-ae0c-97be4613c5ed",
        "title": "Manage Budget in the Budget management app",
        "fullFile": "",
        "file": "",
        "beforeHooks": [],
        "afterHooks": [],
        "tests": [
          {
            "title": "Opening budget management app page",
            "fullTitle": "Manage Budget in the Budget management app Opening budget management app page",
            "duration": 1478,
            "state": "passed",
            "speed": "slow",
            "pass": true,
            "fail": false,
            "pending": false,
            "code": "if (backgroundSection) {\n  backgroundSection.steps.forEach(stepTest);\n}\nscenario.steps.forEach(step => stepTest(step));",
            "err": {},
            "isRoot": false,
            "uuid": "d74e3eab-5d14-4663-85eb-cfffdb5e80ad",
            "isHook": false,
            "skipped": false
          },
          {
            "title": "Add Income in the budget",
            "fullTitle": "Manage Budget in the Budget management app Add Income in the budget",
            "duration": 1199,
            "state": "passed",
            "speed": "slow",
            "pass": true,
            "fail": false,
            "pending": false,
            "code": "if (backgroundSection) {\n  backgroundSection.steps.forEach(stepTest);\n}\nscenario.steps.forEach(step => stepTest(step));",
            "err": {},
            "isRoot": false,
            "uuid": "dbc4b5f8-6fc5-4691-98d1-42434119cb8c",
            "isHook": false,
            "skipped": false
          },
          {
            "title": "Add Expense in the budget",
            "fullTitle": "Manage Budget in the Budget management app Add Expense in the budget",
            "duration": 1158,
            "state": "passed",
            "speed": "slow",
            "pass": true,
            "fail": false,
            "pending": false,
            "code": "if (backgroundSection) {\n  backgroundSection.steps.forEach(stepTest);\n}\nscenario.steps.forEach(step => stepTest(step));",
            "err": {},
            "isRoot": false,
            "uuid": "7d20a43c-9c6b-45df-b5df-1703c1a6a391",
            "isHook": false,
            "skipped": false
          },
          {
            "title": "Verify expenses in the Reports view of budget management",
            "fullTitle": "Manage Budget in the Budget management app Verify expenses in the Reports view of budget management",
            "duration": 216,
            "state": "passed",
            "speed": "slow",
            "pass": true,
            "fail": false,
            "pending": false,
            "code": "if (backgroundSection) {\n  backgroundSection.steps.forEach(stepTest);\n}\nscenario.steps.forEach(step => stepTest(step));",
            "err": {},
            "isRoot": false,
            "uuid": "04a17968-95fa-424c-921a-eef6392c2653",
            "isHook": false,
            "skipped": false
          },
          {
            "title": "Verify the Working Balance in the Budget view of budget management",
            "fullTitle": "Manage Budget in the Budget management app Verify the Working Balance in the Budget view of budget management",
            "duration": 4259,
            "state": "failed",
            "pass": false,
            "fail": true,
            "pending": false,
            "code": "if (backgroundSection) {\n  backgroundSection.steps.forEach(stepTest);\n}\nscenario.steps.forEach(step => stepTest(step));",
            "err": {
              "message": "CypressError: Timed out retrying: Expected to find element: '1', but never found it. Queried from element: <div.components-Balance-style-balanceAmount.components-Balance-style-neg>",
              "estack": "CypressError: Timed out retrying: Expected to find element: '1', but never found it. Queried from element: <div.components-Balance-style-balanceAmount.components-Balance-style-neg>\n    at Object.cypressErr (http://localhost:3000/__cypress/runner/cypress_runner.js:67594:11)\n    at Object.throwErr (http://localhost:3000/__cypress/runner/cypress_runner.js:67559:18)\n    at Object.throwErrByPath (http://localhost:3000/__cypress/runner/cypress_runner.js:67586:17)\n    at retry (http://localhost:3000/__cypress/runner/cypress_runner.js:61339:16)\n    at http://localhost:3000/__cypress/runner/cypress_runner.js:53457:18\n    at tryCatcher (http://localhost:3000/__cypress/runner/cypress_runner.js:6846:23)\n    at Promise._settlePromiseFromHandler (http://localhost:3000/__cypress/runner/cypress_runner.js:4868:31)\n    at Promise._settlePromise (http://localhost:3000/__cypress/runner/cypress_runner.js:4925:18)\n    at Promise._settlePromise0 (http://localhost:3000/__cypress/runner/cypress_runner.js:4970:10)\n    at Promise._settlePromises (http://localhost:3000/__cypress/runner/cypress_runner.js:5045:18)\n    at Async._drainQueue (http://localhost:3000/__cypress/runner/cypress_runner.js:1778:16)\n    at Async._drainQueues (http://localhost:3000/__cypress/runner/cypress_runner.js:1788:10)\n    at Async.drainQueues (http://localhost:3000/__cypress/runner/cypress_runner.js:1662:14)\n    at <anonymous>"
            },
            "isRoot": false,
            "uuid": "934f4af6-cb42-46f9-86ba-1dd3bd174c4c",
            "isHook": false,
            "skipped": false
          }
        ],
        "suites": [],
        "passes": [
          "d74e3eab-5d14-4663-85eb-cfffdb5e80ad",
          "dbc4b5f8-6fc5-4691-98d1-42434119cb8c",
          "7d20a43c-9c6b-45df-b5df-1703c1a6a391",
          "04a17968-95fa-424c-921a-eef6392c2653"
        ],
        "failures": [
          "934f4af6-cb42-46f9-86ba-1dd3bd174c4c"
        ],
        "pending": [],
        "skipped": [],
        "duration": 8310,
        "root": false,
        "rootEmpty": false,
        "_timeout": 2000
      }
    ],
    "passes": [],
    "failures": [],
    "pending": [],
    "skipped": [],
    "duration": 0,
    "root": true,
    "rootEmpty": true,
    "_timeout": 2000
  },
  "copyrightYear": 2018
}